; Top Design: "Wilkinson_power_Divider_lib:cell_2:schematic"
; Netlisted using Hierarchy Policy: "Standard"

Options ResourceUsage=yes UseNutmegFormat=no EnableOptim=no TopDesignName="Wilkinson_power_Divider_lib:cell_2:schematic" DcopOutputNodeVoltages=yes DcopOutputPinCurrents=yes DcopOutputAllSweepPoints=no DcopOutputDcopType=0
; Library Name: Wilkinson_power_Divider_lib
; Cell Name: cell_1
; View Name: emModel
define cell_1 ( P1  P2  P3  P4  P5  P6  P7  P8  P9  P10  P11  ref=0 ) 
;parameters 
; MomCmpt model has node 0 as implicit reference. Ref node will be ignored and assumed to be grounded!
em_data_name="Wilkinson_power_Divider_lib:cell_1:emModel"
MomCmpt:em_data  P1 P2 P3 P4 P5 P6 P7 P8 P9 P10 \
   P11 \
    name=em_data_name \
    paramFile="" \
    modelFile="C:/Users/Kartik/Desktop/ECE_SOFTWARE_wORKS/ADS_circuits/Power_divider_wilkinson/Wilkinson_power_Divider/Wilkinson_power_Divider_lib/cell_1/em%Model/model.ndx" \
    ModelReuse=1 \
    ModelType="MOMMW" \
    ExtrapolationMode="linear" \
    EnforcePassivity=-1
end cell_1

S_Param:SP1 CalcS=yes CalcY=no CalcZ=no GroupDelayAperture=1e-4 FreqConversion=no FreqConversionPort=1 StatusLevel=2 CalcNoise=no SortNoise=0 BandwidthForNoise=1.0 Hz DevOpPtLevel=0 \
SweepVar="freq" SweepPlan="SP1_stim" OutputPlan="SP1_Output" 

SweepPlan: SP1_stim Start=100.0 MHz Stop=5.0 GHz Step=5.0 MHz 

OutputPlan:SP1_Output \
      Type="Output" \
      UseEquationNestLevel=yes \
      EquationNestLevel=2 \
      UseSavedEquationNestLevel=yes \
      SavedEquationNestLevel=2

#load "python","LinearCollapse"
Component Module="LinearCollapse" Type="ModelExtractor" NetworkRepresentation=2
Port:TermG1  N__11 0 Num=1 Z=50 Ohm Noise=yes 
Port:TermG2  N__3 0 Num=2 Z=50 Ohm Noise=yes 
cell_1:X1  N__11 N__3 N__9 N__2 N__14 N__16 N__15 N__20 N__4 N__7 N__17 
Port:TermG3  N__9 0 Num=3 Z=50 Ohm Noise=yes 
Port:TermG4  N__2 0 Num=4 Z=50 Ohm Noise=yes 
Port:TermG5  N__14 0 Num=5 Z=50 Ohm Noise=yes 
Port:TermG6  N__16 0 Num=6 Z=50 Ohm Noise=yes 
Port:TermG7  N__15 0 Num=7 Z=50 Ohm Noise=yes 
Port:TermG8  N__20 0 Num=8 Z=50 Ohm Noise=yes 
Port:TermG9  N__4 0 Num=9 Z=50 Ohm Noise=yes 
Port:TermG10  N__7 0 Num=10 Z=50 Ohm Noise=yes 
Port:TermG11  N__17 0 Num=11 Z=50 Ohm Noise=yes 
R:R1  N__3 N__9 R=100 Ohm Noise=yes 
R:R2  N__2 N__20 R=104.3629 Ohm Noise=yes 
R:R3  N__4 N__14 R=104.3629 Ohm Noise=yes 
R:R4  N__16 N__15 R=137.2672 Ohm Noise=yes 
R:R5  N__7 N__17 R=137.2672 Ohm Noise=yes 
